[2025-08-02 10:12:32,537: INFO: common: yaml file: config\config.yaml loaded successfully]
[2025-08-02 10:12:32,537: INFO: common: yaml file: params.yaml loaded successfully]
[2025-08-02 10:12:32,552: INFO: common: yaml file: schema.yaml loaded successfully]
[2025-08-02 10:12:32,552: INFO: common: created directory at: artifacts]
[2025-08-02 10:12:32,552: INFO: common: created directory at: artifacts/data_ingestion]
[2025-08-02 10:12:32,942: INFO: 251335794: artifacts/data_ingestion/data.zip download! with following info: 
Connection: close
Content-Length: 23329
Cache-Control: max-age=300
Content-Security-Policy: default-src 'none'; style-src 'unsafe-inline'; sandbox
Content-Type: application/zip
ETag: "c69888a4ae59bc5a893392785a938ccd4937981c06ba8a9d6a21aa52b4ab5b6e"
Strict-Transport-Security: max-age=31536000
X-Content-Type-Options: nosniff
X-Frame-Options: deny
X-XSS-Protection: 1; mode=block
X-GitHub-Request-Id: 0DA1:319E2A:4EE4D:6EEF8:688E1CCE
Accept-Ranges: bytes
Date: Sat, 02 Aug 2025 14:12:31 GMT
Via: 1.1 varnish
X-Served-By: cache-iad-kjyo7100166-IAD
X-Cache: MISS
X-Cache-Hits: 0
X-Timer: S1754143951.102760,VS0,VE32
Vary: Authorization,Accept-Encoding
Access-Control-Allow-Origin: *
Cross-Origin-Resource-Policy: cross-origin
X-Fastly-Request-ID: 7703cf971a8da93f12fb096c01937e24c0ded793
Expires: Sat, 02 Aug 2025 14:17:31 GMT
Source-Age: 0

]
[2025-08-02 11:10:45,817: INFO: common: yaml file: config\config.yaml loaded successfully]
[2025-08-02 11:10:45,829: INFO: common: yaml file: params.yaml loaded successfully]
[2025-08-02 11:10:45,832: INFO: common: yaml file: schema.yaml loaded successfully]
[2025-08-02 11:10:45,835: INFO: common: created directory at: artifacts]
[2025-08-02 11:10:45,836: INFO: common: created directory at: artifacts/data_validation]
[2025-08-02 11:23:08,927: INFO: common: yaml file: config\config.yaml loaded successfully]
[2025-08-02 11:23:08,931: INFO: common: yaml file: params.yaml loaded successfully]
[2025-08-02 11:23:08,934: INFO: common: yaml file: schema.yaml loaded successfully]
[2025-08-02 11:23:08,934: INFO: common: created directory at: artifacts]
[2025-08-02 11:23:08,937: INFO: common: created directory at: artifacts/data_transformation]
[2025-08-02 11:23:08,959: INFO: 741865018: Splited data into training and test sets]
[2025-08-02 11:23:08,960: INFO: 741865018: (1199, 12)]
[2025-08-02 11:23:08,960: INFO: 741865018: (400, 12)]
